\BOOKMARK [0][-]{chapter.1}{January}{}% 1
\BOOKMARK [1][-]{section.1.1}{Sweetcorn chowder with smoky chipotle oil}{chapter.1}% 2
\BOOKMARK [1][-]{section.1.2}{Lemon tart}{chapter.1}% 3
\BOOKMARK [1][-]{section.1.3}{Miso and coconut winter greens}{chapter.1}% 4
\BOOKMARK [1][-]{section.1.4}{Leftover Christmas mixed fruit garibaldis}{chapter.1}% 5
\BOOKMARK [1][-]{section.1.5}{Kiri hodi with butternut squash}{chapter.1}% 6
\BOOKMARK [1][-]{section.1.6}{Gujarati whole mung dal with sambharo}{chapter.1}% 7
\BOOKMARK [1][-]{section.1.7}{Haggis kheema and tattie rotis}{chapter.1}% 8
\BOOKMARK [1][-]{section.1.8}{Hoppin\220 John}{chapter.1}% 9
\BOOKMARK [1][-]{section.1.9}{Apple pudding cake}{chapter.1}% 10
\BOOKMARK [1][-]{section.1.10}{Spiced beetroot with 60-minute injera}{chapter.1}% 11
\BOOKMARK [1][-]{section.1.11}{Most popular}{chapter.1}% 12
\BOOKMARK [1][-]{section.1.12}{Masala baked beans on toast with green chutney}{chapter.1}% 13
\BOOKMARK [1][-]{section.1.13}{Tofu katsu sando with celeriac and apple slaw}{chapter.1}% 14
\BOOKMARK [1][-]{section.1.14}{Cauliflower and sweet potato tacos with coriander chilli salsa}{chapter.1}% 15
\BOOKMARK [1][-]{section.1.15}{Tiger roll sushi}{chapter.1}% 16
\BOOKMARK [1][-]{section.1.16}{Salted miso brownies \(pictured above\)}{chapter.1}% 17
\BOOKMARK [1][-]{section.1.17}{Tofu akuri \(pictured above\)}{chapter.1}% 18
\BOOKMARK [1][-]{section.1.18}{Roast red cabbage and tamarind rasam \(pictured above\)}{chapter.1}% 19
\BOOKMARK [1][-]{section.1.19}{Ben ben noodles}{chapter.1}% 20
\BOOKMARK [1][-]{section.1.20}{Most popular}{chapter.1}% 21
\BOOKMARK [1][-]{section.1.21}{Sweet potato and aubergine massaman curry}{chapter.1}% 22
\BOOKMARK [1][-]{section.1.22}{Aloo paratha with quick lemon pickle}{chapter.1}% 23
\BOOKMARK [0][-]{chapter.2}{February}{}% 24
\BOOKMARK [1][-]{section.2.1}{Tagliatelle with charred red pepper sauce and salsa verde}{chapter.2}% 25
\BOOKMARK [1][-]{section.2.2}{Oyster mushrooms with tomato chipotle butter sauce and creamy polenta}{chapter.2}% 26
\BOOKMARK [1][-]{section.2.3}{Sticky rice-stuffed aubergines}{chapter.2}% 27
\BOOKMARK [1][-]{section.2.4}{Creamy saffron orzo with roast butternut and scotch bonnet}{chapter.2}% 28
\BOOKMARK [1][-]{section.2.5}{Rhubarb and pistachio tart}{chapter.2}% 29
\BOOKMARK [1][-]{section.2.6}{Hasselback celeriac with miso and red onion}{chapter.2}% 30
\BOOKMARK [1][-]{section.2.7}{Spring onion pancakes with sesame sauce}{chapter.2}% 31
\BOOKMARK [1][-]{section.2.8}{Maham\220s dal}{chapter.2}% 32
\BOOKMARK [1][-]{section.2.9}{Chocolate chip cookies}{chapter.2}% 33
\BOOKMARK [1][-]{section.2.10}{Miso mushrooms on toast}{chapter.2}% 34
\BOOKMARK [1][-]{section.2.11}{Rose harissa chickpea stew with burnt chard}{chapter.2}% 35
\BOOKMARK [1][-]{section.2.12}{Soba noodle soup with caramelised cabbage and pickles}{chapter.2}% 36
\BOOKMARK [1][-]{section.2.13}{Pistachio, chilli and lemon spaghetti}{chapter.2}% 37
\BOOKMARK [1][-]{section.2.14}{Potato, aubergine and spinach curry}{chapter.2}% 38
\BOOKMARK [1][-]{section.2.15}{Aubergine fesenjan}{chapter.2}% 39
\BOOKMARK [1][-]{section.2.16}{Iraqi white bean stew \(fasoulia\)}{chapter.2}% 40
\BOOKMARK [1][-]{section.2.17}{Wild rice kitchari with baked yoghurt and chilli seeds}{chapter.2}% 41
\BOOKMARK [1][-]{section.2.18}{Blood orange and polenta cakes}{chapter.2}% 42
\BOOKMARK [1][-]{section.2.19}{Kimchi pancakes with spinach salad}{chapter.2}% 43
\BOOKMARK [1][-]{section.2.20}{Gujarati potato and cabbage curry}{chapter.2}% 44
\BOOKMARK [0][-]{chapter.3}{March}{}% 45
\BOOKMARK [1][-]{section.3.1}{Creamy butter bean gratin with roast tomatoes and salsa fresca}{chapter.3}% 46
\BOOKMARK [1][-]{section.3.2}{Curried caramelised onion galette}{chapter.3}% 47
\BOOKMARK [1][-]{section.3.3}{Cassava, coconut and passion fruit cake}{chapter.3}% 48
\BOOKMARK [1][-]{section.3.4}{Tomato and blood orange salad with ginger tahini sauce}{chapter.3}% 49
\BOOKMARK [1][-]{section.3.5}{Oat, spice and currant cookies}{chapter.3}% 50
\BOOKMARK [1][-]{section.3.6}{Swede and mushroom tacos with peanut salsa}{chapter.3}% 51
\BOOKMARK [1][-]{section.3.7}{Aubergine donburi}{chapter.3}% 52
\BOOKMARK [1][-]{section.3.8}{Whole broccoli and zhoug spaghetti}{chapter.3}% 53
\BOOKMARK [1][-]{section.3.9}{Portobello mushroom and hoisin sauce pancakes}{chapter.3}% 54
\BOOKMARK [1][-]{section.3.10}{Butternut squash and sweetcorn erriseri}{chapter.3}% 55
\BOOKMARK [1][-]{section.3.11}{Polenta with balsamic fried radicchio, mushrooms and sage}{chapter.3}% 56
\BOOKMARK [1][-]{section.3.12}{Broccoli, fennel and chickpea stew}{chapter.3}% 57
\BOOKMARK [1][-]{section.3.13}{Puy lentil and roast vegetable salad}{chapter.3}% 58
\BOOKMARK [1][-]{section.3.14}{Burnt garlic, cavolo nero and black bean noodles}{chapter.3}% 59
\BOOKMARK [1][-]{section.3.15}{Creole rice with burnt peppers}{chapter.3}% 60
\BOOKMARK [1][-]{section.3.16}{Basbousa with orange and rose syrup}{chapter.3}% 61
\BOOKMARK [1][-]{section.3.17}{Katsu curry with panko aubergines and pickled radishes}{chapter.3}% 62
\BOOKMARK [1][-]{section.3.18}{Jamaican Easter buns}{chapter.3}% 63
\BOOKMARK [1][-]{section.3.19}{Butternut squash coconut fry with seed and peel chutney}{chapter.3}% 64
\BOOKMARK [1][-]{section.3.20}{Peanut butter and purple sprouting broccoli pad thai}{chapter.3}% 65
\BOOKMARK [1][-]{section.3.21}{Leek, mushroom, kale and pea subji}{chapter.3}% 66
\BOOKMARK [0][-]{chapter.4}{April}{}% 67
\BOOKMARK [1][-]{section.4.1}{Rigatoni with crema di rucola}{chapter.4}% 68
\BOOKMARK [1][-]{section.4.2}{Chocolate and tahini cream tart}{chapter.4}% 69
\BOOKMARK [1][-]{section.4.3}{Miso \215caesar\216 salad with sesame-maple croutons}{chapter.4}% 70
\BOOKMARK [1][-]{section.4.4}{Spinach and butter bean stew with toasted pine nuts}{chapter.4}% 71
\BOOKMARK [1][-]{section.4.5}{Mango and coconut yoghurt curry}{chapter.4}% 72
\BOOKMARK [1][-]{section.4.6}{Farinata with balsamic onions and asparagus}{chapter.4}% 73
\BOOKMARK [1][-]{section.4.7}{Leek, almond and herb tabbouleh}{chapter.4}% 74
\BOOKMARK [1][-]{section.4.8}{Asparagus and cashew thoran}{chapter.4}% 75
\BOOKMARK [1][-]{section.4.9}{Rojak salad with avocado, tofu and tamarind}{chapter.4}% 76
\BOOKMARK [1][-]{section.4.10}{Tofu with tomatoes, sweet soy and greens}{chapter.4}% 77
\BOOKMARK [1][-]{section.4.11}{Ethiopian Easter bread with fennel and orange}{chapter.4}% 78
\BOOKMARK [1][-]{section.4.12}{Caramelised onion ramen}{chapter.4}% 79
\BOOKMARK [1][-]{section.4.13}{White miso and tofu ramen with chilli garlic asparagus}{chapter.4}% 80
\BOOKMARK [1][-]{section.4.14}{Jackfruit tacos with fried corn and hot cashew sauce}{chapter.4}% 81
\BOOKMARK [1][-]{section.4.15}{Chocolate, date and coffee cake}{chapter.4}% 82
\BOOKMARK [1][-]{section.4.16}{Spring vegetable bun cha with tofu and soy-pickled cabbage}{chapter.4}% 83
\BOOKMARK [0][-]{chapter.5}{May}{}% 84
\BOOKMARK [1][-]{section.5.1}{Spaghetti with roast almond and tomato pesto}{chapter.5}% 85
\BOOKMARK [1][-]{section.5.2}{Walnut-stuffed aubergines}{chapter.5}% 86
\BOOKMARK [1][-]{section.5.3}{Granny Jean\220s date slices}{chapter.5}% 87
\BOOKMARK [1][-]{section.5.4}{Tofu and mushroom bulgogi}{chapter.5}% 88
\BOOKMARK [1][-]{section.5.5}{Green tea rice with sake vegetables}{chapter.5}% 89
\BOOKMARK [1][-]{section.5.6}{No-cook salad with tomatoes, chickpeas and rose harissa}{chapter.5}% 90
\BOOKMARK [1][-]{section.5.7}{Sticky Assam malt loaf}{chapter.5}% 91
\BOOKMARK [1][-]{section.5.8}{Potato, coconut and peanut tikkis with pea chutney}{chapter.5}% 92
\BOOKMARK [1][-]{section.5.9}{Cauliflower, beetroot and asparagus salad with mustard-miso dressing}{chapter.5}% 93
\BOOKMARK [1][-]{section.5.10}{Chocolate, olive oil and passion fruit cake}{chapter.5}% 94
\BOOKMARK [1][-]{section.5.11}{Pondicherry toast}{chapter.5}% 95
\BOOKMARK [1][-]{section.5.12}{Banana bread with toasted coconut}{chapter.5}% 96
\BOOKMARK [1][-]{section.5.13}{Vegetarian chilli burger with garlic \217mayo\220}{chapter.5}% 97
\BOOKMARK [1][-]{section.5.14}{Aubergine larb with sticky rice and shallot and peanut salad}{chapter.5}% 98
\BOOKMARK [1][-]{section.5.15}{Green pea, black-eyed bean and chickpea usal}{chapter.5}% 99
\BOOKMARK [0][-]{chapter.6}{June}{}% 100
\BOOKMARK [1][-]{section.6.1}{Dry-fried beans with minced tofu}{chapter.6}% 101
\BOOKMARK [1][-]{section.6.2}{Courgette, pea and asparagus soup}{chapter.6}% 102
\BOOKMARK [1][-]{section.6.3}{Potato salad with tamarind, coconut and cashews}{chapter.6}% 103
\BOOKMARK [1][-]{section.6.4}{Fennel and dill dal}{chapter.6}% 104
\BOOKMARK [1][-]{section.6.5}{Cold sesame noodles with smacked courgette}{chapter.6}% 105
\BOOKMARK [1][-]{section.6.6}{Summer galette with new potatoes, rocket and artichokes}{chapter.6}% 106
\BOOKMARK [1][-]{section.6.7}{Cereal milk ice-cream sandwiches}{chapter.6}% 107
\BOOKMARK [1][-]{section.6.8}{Crispy fried rice with cucumber, peanut and herb salad}{chapter.6}% 108
\BOOKMARK [1][-]{section.6.9}{Mango sticky rice}{chapter.6}% 109
\BOOKMARK [1][-]{section.6.10}{Charred broccoli and bean soba noodle salad}{chapter.6}% 110
\BOOKMARK [1][-]{section.6.11}{Bread salad with kale, pine nuts and roasted lemon}{chapter.6}% 111
\BOOKMARK [1][-]{section.6.12}{Baked pasta with miso, sweet potato and spinach}{chapter.6}% 112
\BOOKMARK [1][-]{section.6.13}{Tofu banh mi}{chapter.6}% 113
\BOOKMARK [1][-]{section.6.14}{Jersey royal and green bean istoo with tamarind shallots}{chapter.6}% 114
\BOOKMARK [1][-]{section.6.15}{Salted date caramel slices}{chapter.6}% 115
\BOOKMARK [1][-]{section.6.16}{Wild rice, chickpea and aubergine salad with a tamarind and \217yoghurt\220 dressing}{chapter.6}% 116
\BOOKMARK [1][-]{section.6.17}{Tomato, pistachio and saffron tart}{chapter.6}% 117
\BOOKMARK [1][-]{section.6.18}{Asparagus, fennel and pea pilau}{chapter.6}% 118
\BOOKMARK [0][-]{chapter.7}{July}{}% 119
\BOOKMARK [1][-]{section.7.1}{Blueberry cake with elderflower cream}{chapter.7}% 120
\BOOKMARK [1][-]{section.7.2}{Sweet potato, spring onion and miso salad}{chapter.7}% 121
\BOOKMARK [1][-]{section.7.3}{Tomato and turmeric kitchari}{chapter.7}% 122
\BOOKMARK [1][-]{section.7.4}{10-clove garlic focaccia}{chapter.7}% 123
\BOOKMARK [1][-]{section.7.5}{Sweet potato yaki mochi with black sesame sauce}{chapter.7}% 124
\BOOKMARK [1][-]{section.7.6}{Crushed borlotti beans with chopped salad and tahini}{chapter.7}% 125
\BOOKMARK [1][-]{section.7.7}{Butter beans in salsa verde}{chapter.7}% 126
\BOOKMARK [1][-]{section.7.8}{Sri Lankan cucumber and cashew curry}{chapter.7}% 127
\BOOKMARK [1][-]{section.7.9}{Summer succotash}{chapter.7}% 128
\BOOKMARK [1][-]{section.7.10}{Avocado, coconut and matcha ice-cream}{chapter.7}% 129
\BOOKMARK [1][-]{section.7.11}{Aubergine, green bean, tofu and Thai holy basil stir-fry}{chapter.7}% 130
\BOOKMARK [1][-]{section.7.12}{Buckwheat dosa with coconut chutney and greens}{chapter.7}% 131
\BOOKMARK [1][-]{section.7.13}{Thai-style tomato and courgette salad with peanut crumbs}{chapter.7}% 132
\BOOKMARK [1][-]{section.7.14}{Sunken plum, spelt and ginger cake}{chapter.7}% 133
\BOOKMARK [1][-]{section.7.15}{Clay pot noodles with beetroot, walnut and smoked tofu}{chapter.7}% 134
\BOOKMARK [1][-]{section.7.16}{Tomato farro with summer greens and fresh oregano}{chapter.7}% 135
\BOOKMARK [1][-]{section.7.17}{Caramelised fennel and carrot salad with mung beans and herbs}{chapter.7}% 136
\BOOKMARK [1][-]{section.7.18}{Sri Lankan beetroot curry and green bean mallum}{chapter.7}% 137
\BOOKMARK [1][-]{section.7.19}{Maharastrian tamarind and spinach dal}{chapter.7}% 138
\BOOKMARK [1][-]{section.7.20}{New potato, chard and coconut curry}{chapter.7}% 139
\BOOKMARK [0][-]{chapter.8}{August}{}% 140
\BOOKMARK [1][-]{section.8.1}{No-churn cherry and marzipan ice-cream}{chapter.8}% 141
\BOOKMARK [1][-]{section.8.2}{Fennel and courgette pistou soup}{chapter.8}% 142
\BOOKMARK [1][-]{section.8.3}{Sweetcorn, chipotle and avocado black rice salad}{chapter.8}% 143
\BOOKMARK [1][-]{section.8.4}{Onion and potato bhaji burgers}{chapter.8}% 144
\BOOKMARK [1][-]{section.8.5}{Ugandan rolex}{chapter.8}% 145
\BOOKMARK [1][-]{section.8.6}{Hugh\220s oven-baked caponata}{chapter.8}% 146
\BOOKMARK [1][-]{section.8.7}{One-pot tomato, lemongrass and coconut soba noodles}{chapter.8}% 147
\BOOKMARK [1][-]{section.8.8}{Strawberry and peach hand pies}{chapter.8}% 148
\BOOKMARK [1][-]{section.8.9}{Aubergine koftas in tomato and spinach sauce}{chapter.8}% 149
\BOOKMARK [1][-]{section.8.10}{Mushroom XO sauce with noodles}{chapter.8}% 150
\BOOKMARK [1][-]{section.8.11}{Barbecue beans and corn fritters}{chapter.8}% 151
\BOOKMARK [1][-]{section.8.12}{Simple courgette and chickpea dal}{chapter.8}% 152
\BOOKMARK [1][-]{section.8.13}{Lebanese green beans and vermicelli rice}{chapter.8}% 153
\BOOKMARK [1][-]{section.8.14}{Chipotle tomatoes with butter beans and quinoa}{chapter.8}% 154
\BOOKMARK [1][-]{section.8.15}{Burmese mango, peanut and lime salad \(Tayat thi toke\)}{chapter.8}% 155
\BOOKMARK [1][-]{section.8.16}{Mum\220s failsafe ratatouille}{chapter.8}% 156
\BOOKMARK [1][-]{section.8.17}{Piccalilli spiced rice}{chapter.8}% 157
\BOOKMARK [1][-]{section.8.18}{Forbidden rice salad with blistered Tenderstem and miso dressing}{chapter.8}% 158
\BOOKMARK [1][-]{section.8.19}{Sweet potato momos}{chapter.8}% 159
\BOOKMARK [1][-]{section.8.20}{Tomato curry}{chapter.8}% 160
\BOOKMARK [1][-]{section.8.21}{Chargrilled summer vegetables with dhana-jeera dressing}{chapter.8}% 161
\BOOKMARK [1][-]{section.8.22}{Samphire, potato and chickpea chaat}{chapter.8}% 162
\BOOKMARK [0][-]{chapter.9}{September}{}% 163
\BOOKMARK [1][-]{section.9.1}{Black rice congee}{chapter.9}% 164
\BOOKMARK [1][-]{section.9.2}{Braised squash and borlotti beans with tomatoes and sage}{chapter.9}% 165
\BOOKMARK [1][-]{section.9.3}{Tahini banana bread}{chapter.9}% 166
\BOOKMARK [1][-]{section.9.4}{Satay sauce roast aubergine}{chapter.9}% 167
\BOOKMARK [1][-]{section.9.5}{Toasted hazelnut baci}{chapter.9}% 168
\BOOKMARK [1][-]{section.9.6}{Slow-cooked marrow and tomato borani}{chapter.9}% 169
\BOOKMARK [1][-]{section.9.7}{Shaoxing and soy braised tofu with pak choi}{chapter.9}% 170
\BOOKMARK [1][-]{section.9.8}{Chilli cornbread with Tenderstem broccoli}{chapter.9}% 171
\BOOKMARK [1][-]{section.9.9}{Celeriac risotto with sage, caper and lemon oil}{chapter.9}% 172
\BOOKMARK [1][-]{section.9.10}{Wild mushroom miso broth}{chapter.9}% 173
\BOOKMARK [1][-]{section.9.11}{Pistachio and cherry croissants}{chapter.9}% 174
\BOOKMARK [1][-]{section.9.12}{Roast fennel, sun-dried tomato and spelt salad}{chapter.9}% 175
\BOOKMARK [1][-]{section.9.13}{Ribollita with celeriac and kale}{chapter.9}% 176
\BOOKMARK [1][-]{section.9.14}{Squash and courgette salad with pitta, pomegranate and tahini}{chapter.9}% 177
\BOOKMARK [1][-]{section.9.15}{Leeks, saffron and haricot beans}{chapter.9}% 178
\BOOKMARK [1][-]{section.9.16}{Gorditas with drunken beans, pickles and avocado cream}{chapter.9}% 179
\BOOKMARK [1][-]{section.9.17}{Aubergine pollichattu}{chapter.9}% 180
\BOOKMARK [1][-]{section.9.18}{Mouth-numbing noodles with chilli oil and red cabbage}{chapter.9}% 181
\BOOKMARK [1][-]{section.9.19}{Bunny chow}{chapter.9}% 182
\BOOKMARK [1][-]{section.9.20}{Courgette and mint g\366zleme}{chapter.9}% 183
\BOOKMARK [1][-]{section.9.21}{Coconut rice with aubergines and pickled cucumber }{chapter.9}% 184
\BOOKMARK [0][-]{chapter.10}{October}{}% 185
\BOOKMARK [1][-]{section.10.1}{Soy-pickled pumpkin maze gohan}{chapter.10}% 186
\BOOKMARK [1][-]{section.10.2}{Chocolate scones with quick fig jam}{chapter.10}% 187
\BOOKMARK [1][-]{section.10.3}{Cavolo nero with spelt and walnuts}{chapter.10}% 188
\BOOKMARK [1][-]{section.10.4}{Celeriac, leek and miso dumplings}{chapter.10}% 189
\BOOKMARK [1][-]{section.10.5}{Mushroom and tempeh rendang}{chapter.10}% 190
\BOOKMARK [1][-]{section.10.6}{Hot-and-sour noodles with pak choi}{chapter.10}% 191
\BOOKMARK [1][-]{section.10.7}{Banana pancakes with maple and tahini yoghurt}{chapter.10}% 192
\BOOKMARK [1][-]{section.10.8}{Leek, white cabbage and spinach pie}{chapter.10}% 193
\BOOKMARK [1][-]{section.10.9}{Baked carrot falafel with pickled onions}{chapter.10}% 194
\BOOKMARK [1][-]{section.10.10}{Oven-baked veggie chilli with butternut squash}{chapter.10}% 195
\BOOKMARK [1][-]{section.10.11}{Coconut yoghurt flatbreads with garlic pepper mushrooms}{chapter.10}% 196
\BOOKMARK [1][-]{section.10.12}{Gujarati tomato and sev curry}{chapter.10}% 197
\BOOKMARK [1][-]{section.10.13}{Blondies with peanut butter, jam and chocolate}{chapter.10}% 198
\BOOKMARK [1][-]{section.10.14}{Tenderstem broccoli, tofu and kimchi stew}{chapter.10}% 199
\BOOKMARK [1][-]{section.10.15}{Mushroom mapo tofu}{chapter.10}% 200
\BOOKMARK [1][-]{section.10.16}{Courgette, cashew and coconut subji}{chapter.10}% 201
\BOOKMARK [1][-]{section.10.17}{Chocolate and date mousse with rosewater blackberries}{chapter.10}% 202
\BOOKMARK [1][-]{section.10.18}{Cauliflower korma with blackened raisins \(pictured above\)}{chapter.10}% 203
\BOOKMARK [1][-]{section.10.19}{Autumn pilau with squash, cavolo nero and smoked garlic }{chapter.10}% 204
\BOOKMARK [1][-]{section.10.20}{Chilli tofu}{chapter.10}% 205
\BOOKMARK [1][-]{section.10.21}{Mushroom bao}{chapter.10}% 206
\BOOKMARK [1][-]{section.10.22}{Aubergine, black-eyed bean and dill curry}{chapter.10}% 207
\BOOKMARK [0][-]{chapter.11}{November}{}% 208
\BOOKMARK [1][-]{section.11.1}{Red cabbage, apple and pomegranate salad}{chapter.11}% 209
\BOOKMARK [1][-]{section.11.2}{The Christmas pumpkin}{chapter.11}% 210
\BOOKMARK [1][-]{section.11.3}{Jewelled florentines}{chapter.11}% 211
\BOOKMARK [1][-]{section.11.4}{Tofu and coconut curry with turmeric and Thai basil}{chapter.11}% 212
\BOOKMARK [1][-]{section.11.5}{Persian herb, lime and kidney bean stew}{chapter.11}% 213
\BOOKMARK [1][-]{section.11.6}{Thai red curry with aubergines, rainbow chard and tofu}{chapter.11}% 214
\BOOKMARK [1][-]{section.11.7}{Spiced chocolate coins}{chapter.11}% 215
\BOOKMARK [1][-]{section.11.8}{Kadhi with fried chickpeas}{chapter.11}% 216
\BOOKMARK [1][-]{section.11.9}{Shiitake rice with chilli pecan oil}{chapter.11}% 217
\BOOKMARK [1][-]{section.11.10}{Nam jim aubergine salad with wild rice}{chapter.11}% 218
\BOOKMARK [1][-]{section.11.11}{Parsnip and potato gnocchi with gochujang and hazelnuts}{chapter.11}% 219
\BOOKMARK [1][-]{section.11.12}{Leek, potato and cashew nut curry}{chapter.11}% 220
\BOOKMARK [1][-]{section.11.13}{Mee goreng with carrot, red cabbage and tofu}{chapter.11}% 221
\BOOKMARK [1][-]{section.11.14}{Bhabi\220s potato masala toasties}{chapter.11}% 222
\BOOKMARK [1][-]{section.11.15}{Smoked tofu, mushroom and almond kheema}{chapter.11}% 223
\BOOKMARK [1][-]{section.11.16}{Mum\220s beetroot and ginger soup}{chapter.11}% 224
\BOOKMARK [1][-]{section.11.17}{Mixed vegetable Thai green curry}{chapter.11}% 225
\BOOKMARK [1][-]{section.11.18}{Yorkshire parkin with a whisky caramel sauce}{chapter.11}% 226
\BOOKMARK [1][-]{section.11.19}{Pineapple love cake}{chapter.11}% 227
\BOOKMARK [1][-]{section.11.20}{Parsnip and carrot mulligatawny}{chapter.11}% 228
\BOOKMARK [1][-]{section.11.21}{Celeriac, tofu and crispy kale gado gado}{chapter.11}% 229
\BOOKMARK [1][-]{section.11.22}{Chickpea, chard and sunflower seed egusi with polenta dumplings}{chapter.11}% 230
\BOOKMARK [0][-]{chapter.12}{December}{}% 231
\BOOKMARK [1][-]{section.12.1}{Leftover roast veg and harissa spiral pie}{chapter.12}% 232
\BOOKMARK [1][-]{section.12.2}{Thai yellow curry with green beans and potatoes}{chapter.12}% 233
\BOOKMARK [1][-]{section.12.3}{Indonesian-style salted peanut and chocolate pancakes}{chapter.12}% 234
\BOOKMARK [1][-]{section.12.4}{Root vegetable and sprout pachadi}{chapter.12}% 235
\BOOKMARK [1][-]{section.12.5}{Fried tofu with tomato sambal and spinach}{chapter.12}% 236
\BOOKMARK [1][-]{section.12.6}{Fiona Beckett\220s drinks match}{chapter.12}% 237
\BOOKMARK [1][-]{section.12.7}{Fiona Beckett\220s drinks match}{chapter.12}% 238
\BOOKMARK [1][-]{section.12.8}{Drunken noodles with radicchio, Tenderstem and tofu}{chapter.12}% 239
\BOOKMARK [1][-]{section.12.9}{Achari brussels sprout curry}{chapter.12}% 240
\BOOKMARK [1][-]{section.12.10}{Chocolate panforte}{chapter.12}% 241
\BOOKMARK [1][-]{section.12.11}{Kimchi and tofu dumplings with dipping sauce}{chapter.12}% 242
\BOOKMARK [1][-]{section.12.12}{Koshari}{chapter.12}% 243
\BOOKMARK [1][-]{section.12.13}{Leftover roast vegetable chaat}{chapter.12}% 244
\BOOKMARK [1][-]{section.12.14}{Pear, chocolate and almond galette}{chapter.12}% 245
\BOOKMARK [1][-]{section.12.15}{Whole pumpkin and walnut biryani}{chapter.12}% 246
\BOOKMARK [1][-]{section.12.16}{Udon noodles with red cabbage and cauliflower}{chapter.12}% 247
\BOOKMARK [1][-]{section.12.17}{Shiitake pho with crispy leeks }{chapter.12}% 248
\BOOKMARK [1][-]{section.12.18}{Festive pilau with beetroot, cauliflower and coriander chutney}{chapter.12}% 249
\BOOKMARK [1][-]{section.12.19}{Christmas veg Penang curry}{chapter.12}% 250
\BOOKMARK [1][-]{section.12.20}{Pickled squash, sage and cannellini beans on crisp rye}{chapter.12}% 251
\BOOKMARK [1][-]{section.12.21}{Butternut squash and black bean mole with lime-pickled onions}{chapter.12}% 252
